This is pdfTeX, Version 3.141592653-2.6-1.40.22 (TeX Live 2022/dev/Debian) (preloaded format=pdflatex 2023.5.20)  29 MAY 2023 09:18
entering extended mode
 restricted \write18 enabled.
 file:line:error style messages enabled.
 %&-line parsing enabled.
**/home/ivan/Desktop/ZavrsniRad/zavrsni.tex
(/home/ivan/Desktop/ZavrsniRad/zavrsni.tex
LaTeX2e <2021-11-15> patch level 1
L3 programming layer <2022-01-21> (./fer.cls
Document Class: fer 
(/usr/share/texlive/texmf-dist/tex/latex/base/report.cls
Document Class: report 2021/10/04 v1.4n Standard LaTeX document class
(/usr/share/texlive/texmf-dist/tex/latex/base/size12.clo
File: size12.clo 2021/10/04 v1.4n Standard LaTeX file (size option)
)
\c@part=\count185
\c@chapter=\count186
\c@section=\count187
\c@subsection=\count188
\c@subsubsection=\count189
\c@paragraph=\count190
\c@subparagraph=\count191
\c@figure=\count192
\c@table=\count193
\abovecaptionskip=\skip47
\belowcaptionskip=\skip48
\bibindent=\dimen138
) (/usr/share/texlive/texmf-dist/tex/latex/geometry/geometry.sty
Package: geometry 2020/01/02 v5.9 Page Geometry
 (/usr/share/texlive/texmf-dist/tex/latex/graphics/keyval.sty
Package: keyval 2014/10/28 v1.15 key=value parser (DPC)
\KV@toks@=\toks16
) (/usr/share/texlive/texmf-dist/tex/generic/iftex/ifvtex.sty
Package: ifvtex 2019/10/25 v1.7 ifvtex legacy package. Use iftex instead.
 (/usr/share/texlive/texmf-dist/tex/generic/iftex/iftex.sty
Package: iftex 2020/03/06 v1.0d TeX engine tests
))
\Gm@cnth=\count194
\Gm@cntv=\count195
\c@Gm@tempcnt=\count196
\Gm@bindingoffset=\dimen139
\Gm@wd@mp=\dimen140
\Gm@odd@mp=\dimen141
\Gm@even@mp=\dimen142
\Gm@layoutwidth=\dimen143
\Gm@layoutheight=\dimen144
\Gm@layouthoffset=\dimen145
\Gm@layoutvoffset=\dimen146
\Gm@dimlist=\toks17
) (/usr/share/texlive/texmf-dist/tex/latex/base/inputenc.sty
Package: inputenc 2021/02/14 v1.3d Input encoding file
\inpenc@prehook=\toks18
\inpenc@posthook=\toks19
) (/usr/share/texlive/texmf-dist/tex/generic/babel/babel.sty
Package: babel 2022/01/26 3.70 The Babel package
\babel@savecnt=\count197
\U@D=\dimen147
\l@unhyphenated=\language87
 (/usr/share/texlive/texmf-dist/tex/generic/babel/txtbabel.def)
\bbl@readstream=\read2
\bbl@dirlevel=\count198
 (/usr/share/texlive/texmf-dist/tex/generic/babel-croatian/croatian.ldf
Language: croatian 2014/03/31 v1.3m Croatian support from the babel system
)) (/usr/share/texlive/texmf-dist/tex/latex/base/fontenc.sty
Package: fontenc 2021/04/29 v2.0v Standard LaTeX package
) (/usr/share/texlive/texmf-dist/tex/latex/graphics/graphicx.sty
Package: graphicx 2021/09/16 v1.2d Enhanced LaTeX Graphics (DPC,SPQR)
 (/usr/share/texlive/texmf-dist/tex/latex/graphics/graphics.sty
Package: graphics 2021/03/04 v1.4d Standard LaTeX Graphics (DPC,SPQR)
 (/usr/share/texlive/texmf-dist/tex/latex/graphics/trig.sty
Package: trig 2021/08/11 v1.11 sin cos tan (DPC)
) (/usr/share/texlive/texmf-dist/tex/latex/graphics-cfg/graphics.cfg
File: graphics.cfg 2016/06/04 v1.11 sample graphics configuration
)
Package graphics Info: Driver file: pdftex.def on input line 107.
 (/usr/share/texlive/texmf-dist/tex/latex/graphics-def/pdftex.def
File: pdftex.def 2020/10/05 v1.2a Graphics/color driver for pdftex
))
\Gin@req@height=\dimen148
\Gin@req@width=\dimen149
) (/usr/share/texlive/texmf-dist/tex/latex/amsfonts/amssymb.sty
Package: amssymb 2013/01/14 v3.01 AMS font symbols
 (/usr/share/texlive/texmf-dist/tex/latex/amsfonts/amsfonts.sty
Package: amsfonts 2013/01/14 v3.01 Basic AMSFonts support
\@emptytoks=\toks20
\symAMSa=\mathgroup4
\symAMSb=\mathgroup5
LaTeX Font Info:    Redeclaring math symbol \hbar on input line 98.
LaTeX Font Info:    Overwriting math alphabet `\mathfrak' in version `bold'
(Font)                  U/euf/m/n --> U/euf/b/n on input line 106.
)) (/usr/share/texlive/texmf-dist/tex/latex/amsmath/amsmath.sty
Package: amsmath 2021/10/15 v2.17l AMS math features
\@mathmargin=\skip49

For additional information on amsmath, use the `?' option.
(/usr/share/texlive/texmf-dist/tex/latex/amsmath/amstext.sty
Package: amstext 2021/08/26 v2.01 AMS text
 (/usr/share/texlive/texmf-dist/tex/latex/amsmath/amsgen.sty
File: amsgen.sty 1999/11/30 v2.0 generic functions
\@emptytoks=\toks21
\ex@=\dimen150
)) (/usr/share/texlive/texmf-dist/tex/latex/amsmath/amsbsy.sty
Package: amsbsy 1999/11/29 v1.2d Bold Symbols
\pmbraise@=\dimen151
) (/usr/share/texlive/texmf-dist/tex/latex/amsmath/amsopn.sty
Package: amsopn 2021/08/26 v2.02 operator names
)
\inf@bad=\count199
LaTeX Info: Redefining \frac on input line 234.
\uproot@=\count266
\leftroot@=\count267
LaTeX Info: Redefining \overline on input line 399.
\classnum@=\count268
\DOTSCASE@=\count269
LaTeX Info: Redefining \ldots on input line 496.
LaTeX Info: Redefining \dots on input line 499.
LaTeX Info: Redefining \cdots on input line 620.
\Mathstrutbox@=\box50
\strutbox@=\box51
\big@size=\dimen152
LaTeX Font Info:    Redeclaring font encoding OML on input line 743.
LaTeX Font Info:    Redeclaring font encoding OMS on input line 744.
\macc@depth=\count270
\c@MaxMatrixCols=\count271
\dotsspace@=\muskip16
\c@parentequation=\count272
\dspbrk@lvl=\count273
\tag@help=\toks22
\row@=\count274
\column@=\count275
\maxfields@=\count276
\andhelp@=\toks23
\eqnshift@=\dimen153
\alignsep@=\dimen154
\tagshift@=\dimen155
\tagwidth@=\dimen156
\totwidth@=\dimen157
\lineht@=\dimen158
\@envbody=\toks24
\multlinegap=\skip50
\multlinetaggap=\skip51
\mathdisplay@stack=\toks25
LaTeX Info: Redefining \[ on input line 2938.
LaTeX Info: Redefining \] on input line 2939.
) (/usr/share/texlive/texmf-dist/tex/latex/base/fixltx2e.sty
Package: fixltx2e 2016/12/29 v2.1a fixes to LaTeX (obsolete)
Applying: [2015/01/01] Old fixltx2e package on input line 46.


Package fixltx2e Warning: fixltx2e is not required with releases after 2015
(fixltx2e)                All fixes are now in the LaTeX kernel.
(fixltx2e)                See the latexrelease package for details.

Already applied: [0000/00/00] Old fixltx2e package on input line 53.
) (/usr/share/texlive/texmf-dist/tex/latex/caption/caption.sty
Package: caption 2020/10/26 v3.5g Customizing captions (AR)
 (/usr/share/texlive/texmf-dist/tex/latex/caption/caption3.sty
Package: caption3 2020/10/21 v2.2e caption3 kernel (AR)
\captionmargin=\dimen159
\captionmargin@=\dimen160
\captionwidth=\dimen161
\caption@tempdima=\dimen162
\caption@indent=\dimen163
\caption@parindent=\dimen164
\caption@hangindent=\dimen165
Package caption Info: Standard document class detected.
)
\c@caption@flags=\count277
\c@continuedfloat=\count278
) (/usr/share/texlive/texmf-dist/tex/latex/base/ifthen.sty
Package: ifthen 2020/11/24 v1.1c Standard LaTeX ifthen package (DPC)
) (/usr/share/texlive/texmf-dist/tex/latex/url/url.sty
\Urlmuskip=\muskip17
Package: url 2013/09/16  ver 3.4  Verb mode for urls, etc.
) (/usr/share/texlive/texmf-dist/tex/latex/enumitem/enumitem.sty
Package: enumitem 2019/06/20 v3.9 Customized lists
\labelindent=\skip52
\enit@outerparindent=\dimen166
\enit@toks=\toks26
\enit@inbox=\box52
\enit@count@id=\count279
\enitdp@description=\count280
) (/usr/share/texlive/texmf-dist/tex/latex/tocbibind/tocbibind.sty
Package: tocbibind 2010/10/13 v1.5k extra ToC listings
Package tocbibind Info: The document has chapter divisions on input line 50.


Package tocbibind Note: Using chapter style headings, unless overridden.

) (/usr/share/texlive/texmf-dist/tex/latex/psnfss/times.sty
Package: times 2020/03/25 PSNFSS-v9.3 (SPQR) 
) (/usr/share/texlive/texmf-dist/tex/latex/natbib/natbib.sty
Package: natbib 2010/09/13 8.31b (PWD, AO)
\bibhang=\skip53
\bibsep=\skip54
LaTeX Info: Redefining \cite on input line 694.
\c@NAT@ctr=\count281
)
\listindentation=\dimen167
) (/usr/share/texlive/texmf-dist/tex/latex/booktabs/booktabs.sty
Package: booktabs 2020/01/12 v1.61803398 Publication quality tables
\heavyrulewidth=\dimen168
\lightrulewidth=\dimen169
\cmidrulewidth=\dimen170
\belowrulesep=\dimen171
\belowbottomsep=\dimen172
\aboverulesep=\dimen173
\abovetopsep=\dimen174
\cmidrulesep=\dimen175
\cmidrulekern=\dimen176
\defaultaddspace=\dimen177
\@cmidla=\count282
\@cmidlb=\count283
\@aboverulesep=\dimen178
\@belowrulesep=\dimen179
\@thisruleclass=\count284
\@lastruleclass=\count285
\@thisrulewidth=\dimen180
) (/usr/share/texlive/texmf-dist/tex/latex/pdfpages/pdfpages.sty
Package: pdfpages 2022/01/29 v0.5u Insert pages of external PDF documents (AM)
 (/usr/share/texlive/texmf-dist/tex/latex/tools/calc.sty
Package: calc 2017/05/25 v4.3 Infix arithmetic (KKT,FJ)
\calc@Acount=\count286
\calc@Bcount=\count287
\calc@Adimen=\dimen181
\calc@Bdimen=\dimen182
\calc@Askip=\skip55
\calc@Bskip=\skip56
LaTeX Info: Redefining \setlength on input line 80.
LaTeX Info: Redefining \addtolength on input line 81.
\calc@Ccount=\count288
\calc@Cskip=\skip57
) (/usr/share/texlive/texmf-dist/tex/latex/eso-pic/eso-pic.sty
Package: eso-pic 2020/10/14 v3.0a eso-pic (RN)
\ESO@tempdima=\dimen183
\ESO@tempdimb=\dimen184
 (/usr/share/texlive/texmf-dist/tex/latex/xcolor/xcolor.sty
Package: xcolor 2021/10/31 v2.13 LaTeX color extensions (UK)
 (/usr/share/texlive/texmf-dist/tex/latex/graphics-cfg/color.cfg
File: color.cfg 2016/01/02 v1.6 sample color configuration
)
Package xcolor Info: Driver file: pdftex.def on input line 227.
Package xcolor Info: Model `cmy' substituted by `cmy0' on input line 1352.
Package xcolor Info: Model `hsb' substituted by `rgb' on input line 1356.
Package xcolor Info: Model `RGB' extended on input line 1368.
Package xcolor Info: Model `HTML' substituted by `rgb' on input line 1370.
Package xcolor Info: Model `Hsb' substituted by `hsb' on input line 1371.
Package xcolor Info: Model `tHsb' substituted by `hsb' on input line 1372.
Package xcolor Info: Model `HSB' substituted by `hsb' on input line 1373.
Package xcolor Info: Model `Gray' substituted by `gray' on input line 1374.
Package xcolor Info: Model `wave' substituted by `hsb' on input line 1375.
))
\AM@pagewidth=\dimen185
\AM@pageheight=\dimen186
\AM@fboxrule=\dimen187
 (/usr/share/texlive/texmf-dist/tex/latex/pdfpages/pppdftex.def
File: pppdftex.def 2022/01/29 v0.5u Pdfpages driver for pdfTeX (AM)
)
\pdfpages@includegraphics@status=\count289
\AM@pagebox=\box53
\AM@global@opts=\toks27
\AM@pagecnt=\count290
\AM@toc@title=\toks28
\c@AM@survey=\count291
\AM@templatesizebox=\box54
) (/usr/share/texlive/texmf-dist/tex/latex/placeins/placeins.sty
Package: placeins 2005/04/18  v 2.2
) (/usr/share/texlive/texmf-dist/tex/latex/listings/listings.sty
\lst@mode=\count292
\lst@gtempboxa=\box55
\lst@token=\toks29
\lst@length=\count293
\lst@currlwidth=\dimen188
\lst@column=\count294
\lst@pos=\count295
\lst@lostspace=\dimen189
\lst@width=\dimen190
\lst@newlines=\count296
\lst@lineno=\count297
\lst@maxwidth=\dimen191
 (/usr/share/texlive/texmf-dist/tex/latex/listings/lstmisc.sty
File: lstmisc.sty 2020/03/24 1.8d (Carsten Heinz)
\c@lstnumber=\count298
\lst@skipnumbers=\count299
\lst@framebox=\box56
) (/usr/share/texlive/texmf-dist/tex/latex/listings/listings.cfg
File: listings.cfg 2020/03/24 1.8d listings configuration
))
Package: listings 2020/03/24 1.8d (Carsten Heinz)
LaTeX Font Info:    Trying to load font information for T1+ptm on input line 7.
 (/usr/share/texlive/texmf-dist/tex/latex/psnfss/t1ptm.fd
File: t1ptm.fd 2001/06/04 font definitions for T1/ptm.
) (/usr/share/texlive/texmf-dist/tex/latex/l3backend/l3backend-pdftex.def
File: l3backend-pdftex.def 2022-01-12 L3 backend support: PDF output (pdfTeX)
\l__color_backend_stack_int=\count300
\l__pdf_internal_box=\box57
) (./zavrsni.aux

LaTeX Warning: Label `fig:sort2' multiply defined.

)
\openout1 = `zavrsni.aux'.

LaTeX Font Info:    Checking defaults for OML/cmm/m/it on input line 7.
LaTeX Font Info:    ... okay on input line 7.
LaTeX Font Info:    Checking defaults for OMS/cmsy/m/n on input line 7.
LaTeX Font Info:    ... okay on input line 7.
LaTeX Font Info:    Checking defaults for OT1/cmr/m/n on input line 7.
LaTeX Font Info:    ... okay on input line 7.
LaTeX Font Info:    Checking defaults for T1/cmr/m/n on input line 7.
LaTeX Font Info:    ... okay on input line 7.
LaTeX Font Info:    Checking defaults for TS1/cmr/m/n on input line 7.
LaTeX Font Info:    ... okay on input line 7.
LaTeX Font Info:    Checking defaults for OMX/cmex/m/n on input line 7.
LaTeX Font Info:    ... okay on input line 7.
LaTeX Font Info:    Checking defaults for U/cmr/m/n on input line 7.
LaTeX Font Info:    ... okay on input line 7.

*geometry* driver: auto-detecting
*geometry* detected driver: pdftex
*geometry* verbose mode - [ preamble ] result:
* driver: pdftex
* paper: a4paper
* layout: <same size as paper>
* layoutoffset:(h,v)=(0.0pt,0.0pt)
* modes: 
* h-part:(L,W,R)=(99.58464pt, 412.56497pt, 85.35826pt)
* v-part:(T,H,B)=(85.35826pt, 674.33032pt, 85.35826pt)
* \paperwidth=597.50787pt
* \paperheight=845.04684pt
* \textwidth=412.56497pt
* \textheight=674.33032pt
* \oddsidemargin=27.31465pt
* \evensidemargin=27.31465pt
* \topmargin=-23.91173pt
* \headheight=12.0pt
* \headsep=25.0pt
* \topskip=12.0pt
* \footskip=30.0pt
* \marginparwidth=44.0pt
* \marginparsep=10.0pt
* \columnsep=10.0pt
* \skip\footins=10.8pt plus 4.0pt minus 2.0pt
* \hoffset=0.0pt
* \voffset=0.0pt
* \mag=1000
* \@twocolumnfalse
* \@twosidefalse
* \@mparswitchfalse
* \@reversemarginfalse
* (1in=72.27pt=25.4mm, 1cm=28.453pt)

(/usr/share/texlive/texmf-dist/tex/context/base/mkii/supp-pdf.mkii
[Loading MPS to PDF converter (version 2006.09.02).]
\scratchcounter=\count301
\scratchdimen=\dimen192
\scratchbox=\box58
\nofMPsegments=\count302
\nofMParguments=\count303
\everyMPshowfont=\toks30
\MPscratchCnt=\count304
\MPscratchDim=\dimen193
\MPnumerator=\count305
\makeMPintoPDFobject=\count306
\everyMPtoPDFconversion=\toks31
) (/usr/share/texlive/texmf-dist/tex/latex/epstopdf-pkg/epstopdf-base.sty
Package: epstopdf-base 2020-01-24 v2.11 Base part for package epstopdf
Package epstopdf-base Info: Redefining graphics rule for `.eps' on input line 485.
 (/usr/share/texlive/texmf-dist/tex/latex/latexconfig/epstopdf-sys.cfg
File: epstopdf-sys.cfg 2010/07/13 v1.3 Configuration of (r)epstopdf for TeX Live
))
Package caption Info: Begin \AtBeginDocument code.
Package caption Info: listings package is loaded.
Package caption Info: End \AtBeginDocument code.
 (/usr/share/texlive/texmf-dist/tex/latex/pdflscape/pdflscape.sty
Package: pdflscape 2019/12/05 v0.12 Display of landscape pages in PDF (HO)
 (/usr/share/texlive/texmf-dist/tex/latex/graphics/lscape.sty
Package: lscape 2020/05/28 v3.02 Landscape Pages (DPC)
)
Package pdflscape Info: Auto-detected driver: pdftex on input line 81.
)
\c@lstlisting=\count307
LaTeX Font Info:    Trying to load font information for T1+phv on input line 18.
 (/usr/share/texlive/texmf-dist/tex/latex/psnfss/t1phv.fd
File: t1phv.fd 2020/03/25 scalable font definitions for T1/phv.
)
LaTeX Font Info:    Trying to load font information for U+msa on input line 18.
 (/usr/share/texlive/texmf-dist/tex/latex/amsfonts/umsa.fd
File: umsa.fd 2013/01/14 v3.01 AMS symbols A
)
LaTeX Font Info:    Trying to load font information for U+msb on input line 18.
 (/usr/share/texlive/texmf-dist/tex/latex/amsfonts/umsb.fd
File: umsb.fd 2013/01/14 v3.01 AMS symbols B
) [1

{/var/lib/texmf/fonts/map/pdftex/updmap/pdftex.map}]
<zadatak.pdf, id=8, 598.235pt x 845.1575pt>
File: zadatak.pdf Graphic file (type pdf)
<use zadatak.pdf>
Package pdftex.def Info: zadatak.pdf  used on input line 21.
(pdftex.def)             Requested size: 598.23354pt x 845.15544pt.
File: zadatak.pdf Graphic file (type pdf)
<use zadatak.pdf>
Package pdftex.def Info: zadatak.pdf  used on input line 21.
(pdftex.def)             Requested size: 598.23354pt x 845.15544pt.
<zadatak.pdf, id=11, page=1, 598.235pt x 845.1575pt>
File: zadatak.pdf Graphic file (type pdf)
<use zadatak.pdf, page 1>
Package pdftex.def Info: zadatak.pdf , page1 used on input line 21.
(pdftex.def)             Requested size: 598.23354pt x 845.15544pt.
File: zadatak.pdf Graphic file (type pdf)
<use zadatak.pdf, page 1>
Package pdftex.def Info: zadatak.pdf , page1 used on input line 21.
(pdftex.def)             Requested size: 597.7406pt x 844.45905pt.
File: zadatak.pdf Graphic file (type pdf)
<use zadatak.pdf, page 1>
Package pdftex.def Info: zadatak.pdf , page1 used on input line 21.
(pdftex.def)             Requested size: 597.7406pt x 844.45905pt.
File: zadatak.pdf Graphic file (type pdf)
<use zadatak.pdf, page 1>
Package pdftex.def Info: zadatak.pdf , page1 used on input line 21.
(pdftex.def)             Requested size: 597.7406pt x 844.45905pt.
File: zadatak.pdf Graphic file (type pdf)
<use zadatak.pdf, page 1>
Package pdftex.def Info: zadatak.pdf , page1 used on input line 21.
(pdftex.def)             Requested size: 597.7406pt x 844.45905pt.
 [1 <./zadatak.pdf>] [3] (./zavrsni.toc [4

])
\tf@toc=\write3
\openout3 = `zavrsni.toc'.

 [5]
Poglavlje 1.
[1

] [2]
Poglavlje 2.
LaTeX Font Info:    Trying to load font information for T1+pcr on input line 54.
(/usr/share/texlive/texmf-dist/tex/latex/psnfss/t1pcr.fd
File: t1pcr.fd 2001/06/04 font definitions for T1/pcr.
)
Underfull \hbox (badness 10000) in paragraph at lines 57--59

 []


Underfull \hbox (badness 10000) in paragraph at lines 59--61

 []


Overfull \hbox (35.49846pt too wide) in paragraph at lines 66--76
 [][] 
 []

[3

]
Overfull \hbox (16.22801pt too wide) in paragraph at lines 84--89
 [][] 
 []


Underfull \hbox (badness 10000) in paragraph at lines 94--120

 []


Underfull \hbox (badness 10000) in paragraph at lines 94--120

 []


Underfull \hbox (badness 10000) in paragraph at lines 94--120

 []


Underfull \hbox (badness 10000) in paragraph at lines 94--120

 []


Underfull \hbox (badness 10000) in paragraph at lines 94--120

 []

[4] [5]
Underfull \hbox (badness 10000) in paragraph at lines 133--140

 []


Underfull \hbox (badness 10000) in paragraph at lines 142--144

 []


Underfull \hbox (badness 10000) in paragraph at lines 163--191

 []


Underfull \hbox (badness 10000) in paragraph at lines 163--191

 []


Underfull \hbox (badness 10000) in paragraph at lines 163--191

 []


Underfull \hbox (badness 10000) in paragraph at lines 163--191

 []


Underfull \hbox (badness 10000) in paragraph at lines 163--191

 []


Underfull \hbox (badness 10000) in paragraph at lines 163--191

 []

[6] [7]
Poglavlje 3.

Underfull \hbox (badness 10000) in paragraph at lines 194--198

 []


Underfull \hbox (badness 10000) in paragraph at lines 207--211

 []


Underfull \hbox (badness 10000) in paragraph at lines 220--223

 []

[8

]
Underfull \hbox (badness 10000) in paragraph at lines 228--231

 []

<slika1.png, id=75, 1095.09125pt x 598.235pt>
File: slika1.png Graphic file (type png)
<use slika1.png>
Package pdftex.def Info: slika1.png  used on input line 236.
(pdftex.def)             Requested size: 438.02873pt x 239.28975pt.

Overfull \hbox (25.46376pt too wide) in paragraph at lines 236--237
[][] 
 []

[9 <./slika1.png>] [10]
Poglavlje 4.

Underfull \hbox (badness 10000) in paragraph at lines 262--293

 []


Underfull \hbox (badness 10000) in paragraph at lines 262--293

 []


Underfull \hbox (badness 10000) in paragraph at lines 262--293

 []


Underfull \hbox (badness 10000) in paragraph at lines 262--293

 []


Underfull \hbox (badness 10000) in paragraph at lines 262--293

 []


Underfull \hbox (badness 10000) in paragraph at lines 262--293

 []

[11

]
Underfull \hbox (badness 10000) in paragraph at lines 294--297

 []

[12]
Underfull \hbox (badness 10000) in paragraph at lines 297--314

 []


Underfull \hbox (badness 10000) in paragraph at lines 297--314

 []


Underfull \hbox (badness 10000) in paragraph at lines 297--314

 []


Underfull \hbox (badness 10000) in paragraph at lines 297--314

 []


Underfull \hbox (badness 10000) in paragraph at lines 314--316

 []

[13]
<slika2.png, id=92, 1314.9125pt x 530.98375pt>
File: slika2.png Graphic file (type png)
<use slika2.png>
Package pdftex.def Info: slika2.png  used on input line 332.
(pdftex.def)             Requested size: 460.22627pt x 185.84709pt.

Overfull \hbox (47.6613pt too wide) in paragraph at lines 332--333
[][] 
 []

<tehnologije.png, id=93, 1486.55376pt x 766.865pt>
File: tehnologije.png Graphic file (type png)
<use tehnologije.png>
Package pdftex.def Info: tehnologije.png  used on input line 343.
(pdftex.def)             Requested size: 445.96957pt x 230.06128pt.

Overfull \hbox (33.4046pt too wide) in paragraph at lines 343--344
[][] 
 []

[14 <./slika2.png>] [15 <./tehnologije.png>]
Poglavlje 5.
<homePage.png, id=101, 2565.585pt x 907.39pt>
File: homePage.png Graphic file (type png)
<use homePage.png>
Package pdftex.def Info: homePage.png  used on input line 352.
(pdftex.def)             Requested size: 513.10793pt x 181.47478pt.

Overfull \hbox (45.91748pt too wide) in paragraph at lines 351--353
[]|  [] 
 []

[16

 <./homePage.png>]
<tablica.png, id=105, 2568.59625pt x 1315.91624pt>
File: tablica.png Graphic file (type png)
<use tablica.png>
Package pdftex.def Info: tablica.png  used on input line 364.
(pdftex.def)             Requested size: 513.71016pt x 263.17859pt.

Overfull \hbox (46.51971pt too wide) in paragraph at lines 363--365
[]|  [] 
 []

<select.png, id=106, 443.6575pt x 482.80376pt>
File: select.png Graphic file (type png)
<use select.png>
Package pdftex.def Info: select.png  used on input line 379.
(pdftex.def)             Requested size: 106.47997pt x 115.87526pt.
[17 <./tablica.png>]
<search.png, id=110, 2568.59625pt x 1027.84pt>
File: search.png Graphic file (type png)
<use search.png>
Package pdftex.def Info: search.png  used on input line 395.
(pdftex.def)             Requested size: 539.42114pt x 215.85277pt.

Overfull \hbox (72.2307pt too wide) in paragraph at lines 394--396
[]|  [] 
 []

<sort1.png, id=111, 2568.59625pt x 1318.9275pt>
File: sort1.png Graphic file (type png)
<use sort1.png>
Package pdftex.def Info: sort1.png  used on input line 409.
(pdftex.def)             Requested size: 539.42114pt x 276.98294pt.

Overfull \hbox (72.2307pt too wide) in paragraph at lines 408--410
[]|  [] 
 []

<sort2.png, id=112, 2563.5775pt x 1315.91624pt>
File: sort2.png Graphic file (type png)
<use sort2.png>
Package pdftex.def Info: sort2.png  used on input line 422.
(pdftex.def)             Requested size: 538.36717pt x 276.35057pt.

Overfull \hbox (71.17673pt too wide) in paragraph at lines 421--423
[]|  [] 
 []

<stranica.png, id=113, 223.83624pt x 79.29625pt>
File: stranica.png Graphic file (type png)
<use stranica.png>
Package pdftex.def Info: stranica.png  used on input line 437.
(pdftex.def)             Requested size: 67.15138pt x 23.78905pt.
<brojstranica.png, id=114, 982.67125pt x 376.40625pt>
File: brojstranica.png Graphic file (type png)
<use brojstranica.png>
Package pdftex.def Info: brojstranica.png  used on input line 447.
(pdftex.def)             Requested size: 294.80365pt x 112.92273pt.
<navigiranje.png, id=115, 421.575pt x 205.76875pt>
File: navigiranje.png Graphic file (type png)
<use navigiranje.png>
Package pdftex.def Info: navigiranje.png  used on input line 454.
(pdftex.def)             Requested size: 168.627pt x 82.30603pt.
<loading.png, id=116, 2358.8125pt x 772.8875pt>
File: loading.png Graphic file (type png)
<use loading.png>
Package pdftex.def Info: loading.png  used on input line 467.
(pdftex.def)             Requested size: 495.36525pt x 162.31116pt.

Overfull \hbox (28.1748pt too wide) in paragraph at lines 466--468
[]|  [] 
 []

<uspjeh.png, id=117, 497.86pt x 73.27374pt>
File: uspjeh.png Graphic file (type png)
<use uspjeh.png>
Package pdftex.def Info: uspjeh.png  used on input line 476.
(pdftex.def)             Requested size: 199.14047pt x 29.30896pt.
[18 <./select.png> <./search.png>] [19 <./sort1.png>] [20 <./sort2.png>] [21 <./stranica.png> <./brojstranica.png> <./navigiranje.png>]
<unipage.png, id=131, 2568.59625pt x 908.39375pt>
File: unipage.png Graphic file (type png)
<use unipage.png>
Package pdftex.def Info: unipage.png  used on input line 489.
(pdftex.def)             Requested size: 539.42114pt x 190.76831pt.

Overfull \hbox (72.2307pt too wide) in paragraph at lines 488--490
[]|  [] 
 []

<uni1.png, id=132, 2567.5925pt x 1279.78125pt>
File: uni1.png Graphic file (type png)
<use uni1.png>
Package pdftex.def Info: uni1.png  used on input line 503.
(pdftex.def)             Requested size: 539.21034pt x 268.762pt.

Overfull \hbox (72.0199pt too wide) in paragraph at lines 502--504
[]|  [] 
 []

<uni2.png, id=133, 2568.59625pt x 1288.815pt>
File: uni2.png Graphic file (type png)
<use uni2.png>
Package pdftex.def Info: uni2.png  used on input line 511.
(pdftex.def)             Requested size: 539.42114pt x 270.65913pt.

Overfull \hbox (72.2307pt too wide) in paragraph at lines 510--512
[]|  [] 
 []

<detail.png, id=134, 441.65pt x 380.42125pt>
File: detail.png Graphic file (type png)
<use detail.png>
Package pdftex.def Info: detail.png  used on input line 521.
(pdftex.def)             Requested size: 176.65686pt x 152.16579pt.
[22 <./loading.png> <./uspjeh.png>] [23 <./unipage.png>] [24 <./uni1.png> <./uni2.png>] [25 <./detail.png>]
<uni3.png, id=147, 2567.5925pt x 1142.2675pt>
File: uni3.png Graphic file (type png)
<use uni3.png>
Package pdftex.def Info: uni3.png  used on input line 533.
(pdftex.def)             Requested size: 539.21034pt x 239.88326pt.

Overfull \hbox (72.0199pt too wide) in paragraph at lines 532--534
[]|  [] 
 []

<uni4.png, id=148, 1324.95pt x 1071.00125pt>
File: uni4.png Graphic file (type png)
<use uni4.png>
Package pdftex.def Info: uni4.png  used on input line 549.
(pdftex.def)             Requested size: 397.48807pt x 321.30286pt.

Underfull \hbox (badness 10000) in paragraph at lines 526--553

 []

[26

 <./uni3.png>]
<upload.png, id=153, 2568.59625pt x 668.4975pt>
File: upload.png Graphic file (type png)
<use upload.png>
Package pdftex.def Info: upload.png  used on input line 567.
(pdftex.def)             Requested size: 513.71016pt x 133.69713pt.

Overfull \hbox (46.51971pt too wide) in paragraph at lines 566--568
[]|  [] 
 []

<error.png, id=154, 1100.11pt x 185.69376pt>
File: error.png Graphic file (type png)
<use error.png>
Package pdftex.def Info: error.png  used on input line 573.
(pdftex.def)             Requested size: 220.0181pt x 37.13809pt.
<real.png, id=155, 1755.55875pt x 309.155pt>
File: real.png Graphic file (type png)
<use real.png>
Package pdftex.def Info: real.png  used on input line 586.
(pdftex.def)             Requested size: 526.67169pt x 92.74721pt.

Overfull \hbox (59.48125pt too wide) in paragraph at lines 585--587
[]|  [] 
 []

[27 <./uni4.png>] [28 <./upload.png> <./error.png>] [29 <./real.png>]
Poglavlje 6.
<razmjestaj.png, id=165, 1725.44624pt x 916.42375pt>
File: razmjestaj.png Graphic file (type png)
<use razmjestaj.png>
Package pdftex.def Info: razmjestaj.png  used on input line 596.
(pdftex.def)             Requested size: 517.63788pt x 274.92924pt.

Overfull \hbox (36.22105pt too wide) in paragraph at lines 595--597
[]|  [] 
 []


Underfull \hbox (badness 10000) in paragraph at lines 601--602

 []


Underfull \hbox (badness 10000) in paragraph at lines 601--602

 []


Overfull \hbox (34.21385pt too wide) in paragraph at lines 607--615
 [][] 
 []

[30

 <./razmjestaj.png>]
Overfull \hbox (34.21385pt too wide) in paragraph at lines 634--646
 [][] 
 []

[31]
Overfull \hbox (34.21385pt too wide) in paragraph at lines 653--665
 [][] 
 []

[32]
<expressdijagramkomponenti.png, id=176, 2032.59375pt x 986.68625pt>
File: expressdijagramkomponenti.png Graphic file (type png)
<use expressdijagramkomponenti.png>
Package pdftex.def Info: expressdijagramkomponenti.png  used on input line 677.
(pdftex.def)             Requested size: 508.1472pt x 246.67096pt.

Overfull \hbox (40.95676pt too wide) in paragraph at lines 676--678
[]|  [] 
 []


Overfull \hbox (6.7826pt too wide) in paragraph at lines 672--688
\T1/ptm/m/n/12 Komunikacija Ex-press API-ja i Pos-t-greSQL baze po-da-taka omo-gu-¢ena je Node-postgres
 []

[33 <./expressdijagramkomponenti.png>] (/usr/share/texlive/texmf-dist/tex/latex/listings/lstlang1.sty
File: lstlang1.sty 2020/03/24 1.8d listings language file
)
<dashboard.png, id=180, 2552.53625pt x 1242.6425pt>
File: dashboard.png Graphic file (type png)
<use dashboard.png>
Package pdftex.def Info: dashboard.png  used on input line 719.
(pdftex.def)             Requested size: 536.04845pt x 260.96263pt.

Overfull \hbox (68.858pt too wide) in paragraph at lines 718--720
[]|  [] 
 []

<predlozak.png, id=181, 2568.59625pt x 1178.4025pt>
File: predlozak.png Graphic file (type png)
<use predlozak.png>
Package pdftex.def Info: predlozak.png  used on input line 725.
(pdftex.def)             Requested size: 539.42114pt x 247.47183pt.

Overfull \hbox (72.2307pt too wide) in paragraph at lines 724--726
[]|  [] 
 []

[34] [35 <./dashboard.png> <./predlozak.png>]
<sekvencijski.png, id=188, 1563.8425pt x 900.36375pt>
File: sekvencijski.png Graphic file (type png)
<use sekvencijski.png>
Package pdftex.def Info: sekvencijski.png  used on input line 732.
(pdftex.def)             Requested size: 437.87292pt x 252.10013pt.

Overfull \hbox (25.30795pt too wide) in paragraph at lines 732--733
 [][] 
 []

LaTeX Font Info:    Trying to load font information for TS1+ptm on input line 743.
(/usr/share/texlive/texmf-dist/tex/latex/psnfss/ts1ptm.fd
File: ts1ptm.fd 2001/06/04 font definitions for TS1/ptm.
) [36

 <./sekvencijski.png>]
Overfull \hbox (12.23935pt too wide) in paragraph at lines 760--761
[][][][][][][][][] 
 []


Overfull \hbox (12.23935pt too wide) in paragraph at lines 769--770
[][][][][][][][][] 
 []


Underfull \hbox (badness 10000) in paragraph at lines 789--791

 []

[37]
LaTeX Font Info:    Font shape `T1/pcr/m/it' in size <12> not available
(Font)              Font shape `T1/pcr/m/sl' tried instead on input line 806.

Underfull \hbox (badness 10000) in paragraph at lines 813--821

 []

[38]
Overfull \hbox (12.23935pt too wide) in paragraph at lines 846--847
[][][][][][][][][][][][][][][][][][][][][] 
 []

[39]
Overfull \hbox (19.43942pt too wide) in paragraph at lines 865--866
[][][][][][][][][][][][][][][][] 
 []


Overfull \hbox (12.23935pt too wide) in paragraph at lines 867--868
[][][][][][][][][][][][][][][][][][][][][] 
 []


Overfull \hbox (40.43192pt too wide) in paragraph at lines 881--891
 [][] 
 []


Underfull \hbox (badness 10000) in paragraph at lines 893--900

 []


Underfull \hbox (badness 10000) in paragraph at lines 901--905

 []

[40]
Underfull \hbox (badness 10000) in paragraph at lines 906--908

 []

<get1.png, id=207, 1285.80376pt x 92.345pt>
File: get1.png Graphic file (type png)
<use get1.png>
Package pdftex.def Info: get1.png  used on input line 913.
(pdftex.def)             Requested size: 462.889pt x 33.24416pt.

Overfull \hbox (50.32404pt too wide) in paragraph at lines 913--914
 [][] 
 []

<get2.png, id=208, 550.055pt x 304.13625pt>
File: get2.png Graphic file (type png)
<use get2.png>
Package pdftex.def Info: get2.png  used on input line 919.
(pdftex.def)             Requested size: 220.0181pt x 121.65233pt.
[41 <./get1.png> <./get2.png>]
Poglavlje 7.
(./zavrsni.bbl [42

]

Package natbib Warning: Empty `thebibliography' environment on input line 8.

) [43

] [44] (./zavrsni.aux)

LaTeX Warning: There were multiply-defined labels.

 ) 
Here is how much of TeX's memory you used:
 10200 strings out of 478287
 157677 string characters out of 5849289
 652601 words of memory out of 5000000
 28206 multiletter control sequences out of 15000+600000
 530942 words of font info for 98 fonts, out of 8000000 for 9000
 1141 hyphenation exceptions out of 8191
 70i,17n,77p,320b,1574s stack positions out of 5000i,500n,10000p,200000b,80000s
{/usr/share/texlive/texmf-dist/fonts/enc/dvips/base/8r.enc}</usr/share/texlive/texmf-dist/fonts/type1/public/amsfonts/cm/cmex10.pfb></usr/share/texlive/texmf-dist/fonts/type1/public/amsfonts/cm/cmmi12.pfb></usr/share/texlive/texmf-dist/fonts/type1/public/amsfonts/cm/cmmi8.pfb></usr/share/texlive/texmf-dist/fonts/type1/public/amsfonts/cm/cmr12.pfb></usr/share/texlive/texmf-dist/fonts/type1/public/amsfonts/cm/cmr8.pfb></usr/share/texlive/texmf-dist/fonts/type1/public/amsfonts/cm/cmsy10.pfb></usr/share/texlive/texmf-dist/fonts/type1/urw/courier/ucrr8a.pfb></usr/share/texlive/texmf-dist/fonts/type1/urw/courier/ucrro8a.pfb></usr/share/texlive/texmf-dist/fonts/type1/urw/helvetic/uhvb8a.pfb></usr/share/texlive/texmf-dist/fonts/type1/urw/helvetic/uhvr8a.pfb></usr/share/texlive/texmf-dist/fonts/type1/urw/times/utmb8a.pfb></usr/share/texlive/texmf-dist/fonts/type1/urw/times/utmbi8a.pfb></usr/share/texlive/texmf-dist/fonts/type1/urw/times/utmr8a.pfb></usr/share/texlive/texmf-dist/fonts/type1/urw/times/utmri8a.pfb>
Output written on zavrsni.pdf (49 pages, 2874835 bytes).
PDF statistics:
 284 PDF objects out of 1000 (max. 8388607)
 165 compressed objects within 2 object streams
 0 named destinations out of 1000 (max. 500000)
 171 words of extra memory for PDF output out of 10000 (max. 10000000)

