This is pdfTeX, Version 3.141592653-2.6-1.40.22 (TeX Live 2022/dev/Debian) (preloaded format=pdflatex 2023.6.13)  21 JUN 2023 12:24
entering extended mode
 restricted \write18 enabled.
 file:line:error style messages enabled.
 %&-line parsing enabled.
**/home/ivan/Desktop/ZavrsniRad/Dokumentacija/zavrsni.tex
(/home/ivan/Desktop/ZavrsniRad/Dokumentacija/zavrsni.tex
LaTeX2e <2021-11-15> patch level 1
L3 programming layer <2022-01-21> (./fer.cls
Document Class: fer 
(/usr/share/texlive/texmf-dist/tex/latex/base/report.cls
Document Class: report 2021/10/04 v1.4n Standard LaTeX document class
(/usr/share/texlive/texmf-dist/tex/latex/base/size12.clo
File: size12.clo 2021/10/04 v1.4n Standard LaTeX file (size option)
)
\c@part=\count185
\c@chapter=\count186
\c@section=\count187
\c@subsection=\count188
\c@subsubsection=\count189
\c@paragraph=\count190
\c@subparagraph=\count191
\c@figure=\count192
\c@table=\count193
\abovecaptionskip=\skip47
\belowcaptionskip=\skip48
\bibindent=\dimen138
) (/usr/share/texlive/texmf-dist/tex/latex/geometry/geometry.sty
Package: geometry 2020/01/02 v5.9 Page Geometry
 (/usr/share/texlive/texmf-dist/tex/latex/graphics/keyval.sty
Package: keyval 2014/10/28 v1.15 key=value parser (DPC)
\KV@toks@=\toks16
) (/usr/share/texlive/texmf-dist/tex/generic/iftex/ifvtex.sty
Package: ifvtex 2019/10/25 v1.7 ifvtex legacy package. Use iftex instead.
 (/usr/share/texlive/texmf-dist/tex/generic/iftex/iftex.sty
Package: iftex 2020/03/06 v1.0d TeX engine tests
))
\Gm@cnth=\count194
\Gm@cntv=\count195
\c@Gm@tempcnt=\count196
\Gm@bindingoffset=\dimen139
\Gm@wd@mp=\dimen140
\Gm@odd@mp=\dimen141
\Gm@even@mp=\dimen142
\Gm@layoutwidth=\dimen143
\Gm@layoutheight=\dimen144
\Gm@layouthoffset=\dimen145
\Gm@layoutvoffset=\dimen146
\Gm@dimlist=\toks17
) (/usr/share/texlive/texmf-dist/tex/latex/base/inputenc.sty
Package: inputenc 2021/02/14 v1.3d Input encoding file
\inpenc@prehook=\toks18
\inpenc@posthook=\toks19
) (/usr/share/texlive/texmf-dist/tex/generic/babel/babel.sty
Package: babel 2022/01/26 3.70 The Babel package
\babel@savecnt=\count197
\U@D=\dimen147
\l@unhyphenated=\language87
 (/usr/share/texlive/texmf-dist/tex/generic/babel/txtbabel.def)
\bbl@readstream=\read2
\bbl@dirlevel=\count198
 (/usr/share/texlive/texmf-dist/tex/generic/babel-croatian/croatian.ldf
Language: croatian 2014/03/31 v1.3m Croatian support from the babel system
)) (/usr/share/texlive/texmf-dist/tex/latex/base/fontenc.sty
Package: fontenc 2021/04/29 v2.0v Standard LaTeX package
) (/usr/share/texlive/texmf-dist/tex/latex/graphics/graphicx.sty
Package: graphicx 2021/09/16 v1.2d Enhanced LaTeX Graphics (DPC,SPQR)
 (/usr/share/texlive/texmf-dist/tex/latex/graphics/graphics.sty
Package: graphics 2021/03/04 v1.4d Standard LaTeX Graphics (DPC,SPQR)
 (/usr/share/texlive/texmf-dist/tex/latex/graphics/trig.sty
Package: trig 2021/08/11 v1.11 sin cos tan (DPC)
) (/usr/share/texlive/texmf-dist/tex/latex/graphics-cfg/graphics.cfg
File: graphics.cfg 2016/06/04 v1.11 sample graphics configuration
)
Package graphics Info: Driver file: pdftex.def on input line 107.
 (/usr/share/texlive/texmf-dist/tex/latex/graphics-def/pdftex.def
File: pdftex.def 2020/10/05 v1.2a Graphics/color driver for pdftex
))
\Gin@req@height=\dimen148
\Gin@req@width=\dimen149
) (/usr/share/texlive/texmf-dist/tex/latex/amsfonts/amssymb.sty
Package: amssymb 2013/01/14 v3.01 AMS font symbols
 (/usr/share/texlive/texmf-dist/tex/latex/amsfonts/amsfonts.sty
Package: amsfonts 2013/01/14 v3.01 Basic AMSFonts support
\@emptytoks=\toks20
\symAMSa=\mathgroup4
\symAMSb=\mathgroup5
LaTeX Font Info:    Redeclaring math symbol \hbar on input line 98.
LaTeX Font Info:    Overwriting math alphabet `\mathfrak' in version `bold'
(Font)                  U/euf/m/n --> U/euf/b/n on input line 106.
)) (/usr/share/texlive/texmf-dist/tex/latex/amsmath/amsmath.sty
Package: amsmath 2021/10/15 v2.17l AMS math features
\@mathmargin=\skip49

For additional information on amsmath, use the `?' option.
(/usr/share/texlive/texmf-dist/tex/latex/amsmath/amstext.sty
Package: amstext 2021/08/26 v2.01 AMS text
 (/usr/share/texlive/texmf-dist/tex/latex/amsmath/amsgen.sty
File: amsgen.sty 1999/11/30 v2.0 generic functions
\@emptytoks=\toks21
\ex@=\dimen150
)) (/usr/share/texlive/texmf-dist/tex/latex/amsmath/amsbsy.sty
Package: amsbsy 1999/11/29 v1.2d Bold Symbols
\pmbraise@=\dimen151
) (/usr/share/texlive/texmf-dist/tex/latex/amsmath/amsopn.sty
Package: amsopn 2021/08/26 v2.02 operator names
)
\inf@bad=\count199
LaTeX Info: Redefining \frac on input line 234.
\uproot@=\count266
\leftroot@=\count267
LaTeX Info: Redefining \overline on input line 399.
\classnum@=\count268
\DOTSCASE@=\count269
LaTeX Info: Redefining \ldots on input line 496.
LaTeX Info: Redefining \dots on input line 499.
LaTeX Info: Redefining \cdots on input line 620.
\Mathstrutbox@=\box50
\strutbox@=\box51
\big@size=\dimen152
LaTeX Font Info:    Redeclaring font encoding OML on input line 743.
LaTeX Font Info:    Redeclaring font encoding OMS on input line 744.
\macc@depth=\count270
\c@MaxMatrixCols=\count271
\dotsspace@=\muskip16
\c@parentequation=\count272
\dspbrk@lvl=\count273
\tag@help=\toks22
\row@=\count274
\column@=\count275
\maxfields@=\count276
\andhelp@=\toks23
\eqnshift@=\dimen153
\alignsep@=\dimen154
\tagshift@=\dimen155
\tagwidth@=\dimen156
\totwidth@=\dimen157
\lineht@=\dimen158
\@envbody=\toks24
\multlinegap=\skip50
\multlinetaggap=\skip51
\mathdisplay@stack=\toks25
LaTeX Info: Redefining \[ on input line 2938.
LaTeX Info: Redefining \] on input line 2939.
) (/usr/share/texlive/texmf-dist/tex/latex/base/fixltx2e.sty
Package: fixltx2e 2016/12/29 v2.1a fixes to LaTeX (obsolete)
Applying: [2015/01/01] Old fixltx2e package on input line 46.


Package fixltx2e Warning: fixltx2e is not required with releases after 2015
(fixltx2e)                All fixes are now in the LaTeX kernel.
(fixltx2e)                See the latexrelease package for details.

Already applied: [0000/00/00] Old fixltx2e package on input line 53.
) (/usr/share/texlive/texmf-dist/tex/latex/caption/caption.sty
Package: caption 2020/10/26 v3.5g Customizing captions (AR)
 (/usr/share/texlive/texmf-dist/tex/latex/caption/caption3.sty
Package: caption3 2020/10/21 v2.2e caption3 kernel (AR)
\captionmargin=\dimen159
\captionmargin@=\dimen160
\captionwidth=\dimen161
\caption@tempdima=\dimen162
\caption@indent=\dimen163
\caption@parindent=\dimen164
\caption@hangindent=\dimen165
Package caption Info: Standard document class detected.
)
\c@caption@flags=\count277
\c@continuedfloat=\count278
) (/usr/share/texlive/texmf-dist/tex/latex/base/ifthen.sty
Package: ifthen 2020/11/24 v1.1c Standard LaTeX ifthen package (DPC)
) (/usr/share/texlive/texmf-dist/tex/latex/url/url.sty
\Urlmuskip=\muskip17
Package: url 2013/09/16  ver 3.4  Verb mode for urls, etc.
) (/usr/share/texlive/texmf-dist/tex/latex/enumitem/enumitem.sty
Package: enumitem 2019/06/20 v3.9 Customized lists
\labelindent=\skip52
\enit@outerparindent=\dimen166
\enit@toks=\toks26
\enit@inbox=\box52
\enit@count@id=\count279
\enitdp@description=\count280
) (/usr/share/texlive/texmf-dist/tex/latex/tocbibind/tocbibind.sty
Package: tocbibind 2010/10/13 v1.5k extra ToC listings
Package tocbibind Info: The document has chapter divisions on input line 50.


Package tocbibind Note: Using chapter style headings, unless overridden.

) (/usr/share/texlive/texmf-dist/tex/latex/psnfss/times.sty
Package: times 2020/03/25 PSNFSS-v9.3 (SPQR) 
) (/usr/share/texlive/texmf-dist/tex/latex/natbib/natbib.sty
Package: natbib 2010/09/13 8.31b (PWD, AO)
\bibhang=\skip53
\bibsep=\skip54
LaTeX Info: Redefining \cite on input line 694.
\c@NAT@ctr=\count281
)
\listindentation=\dimen167
) (/usr/share/texlive/texmf-dist/tex/latex/booktabs/booktabs.sty
Package: booktabs 2020/01/12 v1.61803398 Publication quality tables
\heavyrulewidth=\dimen168
\lightrulewidth=\dimen169
\cmidrulewidth=\dimen170
\belowrulesep=\dimen171
\belowbottomsep=\dimen172
\aboverulesep=\dimen173
\abovetopsep=\dimen174
\cmidrulesep=\dimen175
\cmidrulekern=\dimen176
\defaultaddspace=\dimen177
\@cmidla=\count282
\@cmidlb=\count283
\@aboverulesep=\dimen178
\@belowrulesep=\dimen179
\@thisruleclass=\count284
\@lastruleclass=\count285
\@thisrulewidth=\dimen180
) (/usr/share/texlive/texmf-dist/tex/latex/pdfpages/pdfpages.sty
Package: pdfpages 2022/01/29 v0.5u Insert pages of external PDF documents (AM)
 (/usr/share/texlive/texmf-dist/tex/latex/tools/calc.sty
Package: calc 2017/05/25 v4.3 Infix arithmetic (KKT,FJ)
\calc@Acount=\count286
\calc@Bcount=\count287
\calc@Adimen=\dimen181
\calc@Bdimen=\dimen182
\calc@Askip=\skip55
\calc@Bskip=\skip56
LaTeX Info: Redefining \setlength on input line 80.
LaTeX Info: Redefining \addtolength on input line 81.
\calc@Ccount=\count288
\calc@Cskip=\skip57
) (/usr/share/texlive/texmf-dist/tex/latex/eso-pic/eso-pic.sty
Package: eso-pic 2020/10/14 v3.0a eso-pic (RN)
\ESO@tempdima=\dimen183
\ESO@tempdimb=\dimen184
 (/usr/share/texlive/texmf-dist/tex/latex/xcolor/xcolor.sty
Package: xcolor 2021/10/31 v2.13 LaTeX color extensions (UK)
 (/usr/share/texlive/texmf-dist/tex/latex/graphics-cfg/color.cfg
File: color.cfg 2016/01/02 v1.6 sample color configuration
)
Package xcolor Info: Driver file: pdftex.def on input line 227.
Package xcolor Info: Model `cmy' substituted by `cmy0' on input line 1352.
Package xcolor Info: Model `hsb' substituted by `rgb' on input line 1356.
Package xcolor Info: Model `RGB' extended on input line 1368.
Package xcolor Info: Model `HTML' substituted by `rgb' on input line 1370.
Package xcolor Info: Model `Hsb' substituted by `hsb' on input line 1371.
Package xcolor Info: Model `tHsb' substituted by `hsb' on input line 1372.
Package xcolor Info: Model `HSB' substituted by `hsb' on input line 1373.
Package xcolor Info: Model `Gray' substituted by `gray' on input line 1374.
Package xcolor Info: Model `wave' substituted by `hsb' on input line 1375.
))
\AM@pagewidth=\dimen185
\AM@pageheight=\dimen186
\AM@fboxrule=\dimen187
 (/usr/share/texlive/texmf-dist/tex/latex/pdfpages/pppdftex.def
File: pppdftex.def 2022/01/29 v0.5u Pdfpages driver for pdfTeX (AM)
)
\pdfpages@includegraphics@status=\count289
\AM@pagebox=\box53
\AM@global@opts=\toks27
\AM@pagecnt=\count290
\AM@toc@title=\toks28
\c@AM@survey=\count291
\AM@templatesizebox=\box54
) (/usr/share/texlive/texmf-dist/tex/latex/placeins/placeins.sty
Package: placeins 2005/04/18  v 2.2
) (/usr/share/texlive/texmf-dist/tex/latex/verbatimbox/verbatimbox.sty
Package: verbatimbox 2014/03/12 v3.13 Routines for placing verbatim text into boxes, useful in places where the verbatim environment is inaccessible. Secondarily, for adding vertical buffer around an object.
 (/usr/share/texlive/texmf-dist/tex/latex/tools/verbatim.sty
Package: verbatim 2020-07-07 v1.5u LaTeX2e package for verbatim enhancements
\every@verbatim=\toks29
\verbatim@line=\toks30
\verbatim@in@stream=\read3
) (/usr/share/texlive/texmf-dist/tex/latex/readarray/readarray.sty
Package: readarray 2021/09/17\ 3.1\ Routines for inputting 2D and 3D array data and recalling it on an element-by-element basis.
 (/usr/share/texlive/texmf-dist/tex/latex/forloop/forloop.sty
Package: forloop 2006/09/18 v3.0 For Loops for LaTeX
) (/usr/share/texlive/texmf-dist/tex/generic/listofitems/listofitems.sty (/usr/share/texlive/texmf-dist/tex/generic/listofitems/listofitems.tex
\loi_cnt_foreach_nest=\count292
\loi_nestcnt=\count293
)
Package: listofitems 2019/08/21 v1.63 Grab items in lists using user-specified sep char (CT)
)
\c@@index=\count294
\c@@plane=\count295
\c@@row=\count296
\c@@col=\count297
\c@use@args=\count298
\c@@record=\count299
\c@index@count=\count300
\Arg@toks=\toks31
\@arrayident@toks=\toks32
\rdar@file=\read4
\readarrayendlinechar=\count301

readarray: bounds checking OFF
)
\savedverbbox=\box55
\c@VerbboxLineNo=\count302
\boxtopsep=\dimen188
\boxbottomsep=\dimen189
\ps@tempdima=\dimen190
\ps@tempboxa=\box56
\boxtop@sep=\skip58
\boxbottom@sep=\skip59
) (/usr/share/texlive/texmf-dist/tex/latex/listings/listings.sty
\lst@mode=\count303
\lst@gtempboxa=\box57
\lst@token=\toks33
\lst@length=\count304
\lst@currlwidth=\dimen191
\lst@column=\count305
\lst@pos=\count306
\lst@lostspace=\dimen192
\lst@width=\dimen193
\lst@newlines=\count307
\lst@lineno=\count308
\lst@maxwidth=\dimen194
 (/usr/share/texlive/texmf-dist/tex/latex/listings/lstmisc.sty
File: lstmisc.sty 2020/03/24 1.8d (Carsten Heinz)
\c@lstnumber=\count309
\lst@skipnumbers=\count310
\lst@framebox=\box58
) (/usr/share/texlive/texmf-dist/tex/latex/listings/listings.cfg
File: listings.cfg 2020/03/24 1.8d listings configuration
))
Package: listings 2020/03/24 1.8d (Carsten Heinz)
 (/usr/share/texlive/texmf-dist/tex/latex/environ/environ.sty
Package: environ 2014/05/04 v0.3 A new way to define environments
 (/usr/share/texlive/texmf-dist/tex/latex/trimspaces/trimspaces.sty
Package: trimspaces 2009/09/17 v1.1 Trim spaces around a token list
))
LaTeX Font Info:    Trying to load font information for T1+ptm on input line 17.
 (/usr/share/texlive/texmf-dist/tex/latex/psnfss/t1ptm.fd
File: t1ptm.fd 2001/06/04 font definitions for T1/ptm.
) (/usr/share/texlive/texmf-dist/tex/latex/l3backend/l3backend-pdftex.def
File: l3backend-pdftex.def 2022-01-12 L3 backend support: PDF output (pdfTeX)
\l__color_backend_stack_int=\count311
\l__pdf_internal_box=\box59
) (./zavrsni.aux)
\openout1 = `zavrsni.aux'.

LaTeX Font Info:    Checking defaults for OML/cmm/m/it on input line 17.
LaTeX Font Info:    ... okay on input line 17.
LaTeX Font Info:    Checking defaults for OMS/cmsy/m/n on input line 17.
LaTeX Font Info:    ... okay on input line 17.
LaTeX Font Info:    Checking defaults for OT1/cmr/m/n on input line 17.
LaTeX Font Info:    ... okay on input line 17.
LaTeX Font Info:    Checking defaults for T1/cmr/m/n on input line 17.
LaTeX Font Info:    ... okay on input line 17.
LaTeX Font Info:    Checking defaults for TS1/cmr/m/n on input line 17.
LaTeX Font Info:    ... okay on input line 17.
LaTeX Font Info:    Checking defaults for OMX/cmex/m/n on input line 17.
LaTeX Font Info:    ... okay on input line 17.
LaTeX Font Info:    Checking defaults for U/cmr/m/n on input line 17.
LaTeX Font Info:    ... okay on input line 17.

*geometry* driver: auto-detecting
*geometry* detected driver: pdftex
*geometry* verbose mode - [ preamble ] result:
* driver: pdftex
* paper: a4paper
* layout: <same size as paper>
* layoutoffset:(h,v)=(0.0pt,0.0pt)
* modes: 
* h-part:(L,W,R)=(99.58464pt, 412.56497pt, 85.35826pt)
* v-part:(T,H,B)=(85.35826pt, 674.33032pt, 85.35826pt)
* \paperwidth=597.50787pt
* \paperheight=845.04684pt
* \textwidth=412.56497pt
* \textheight=674.33032pt
* \oddsidemargin=27.31465pt
* \evensidemargin=27.31465pt
* \topmargin=-23.91173pt
* \headheight=12.0pt
* \headsep=25.0pt
* \topskip=12.0pt
* \footskip=30.0pt
* \marginparwidth=44.0pt
* \marginparsep=10.0pt
* \columnsep=10.0pt
* \skip\footins=10.8pt plus 4.0pt minus 2.0pt
* \hoffset=0.0pt
* \voffset=0.0pt
* \mag=1000
* \@twocolumnfalse
* \@twosidefalse
* \@mparswitchfalse
* \@reversemarginfalse
* (1in=72.27pt=25.4mm, 1cm=28.453pt)

(/usr/share/texlive/texmf-dist/tex/context/base/mkii/supp-pdf.mkii
[Loading MPS to PDF converter (version 2006.09.02).]
\scratchcounter=\count312
\scratchdimen=\dimen195
\scratchbox=\box60
\nofMPsegments=\count313
\nofMParguments=\count314
\everyMPshowfont=\toks34
\MPscratchCnt=\count315
\MPscratchDim=\dimen196
\MPnumerator=\count316
\makeMPintoPDFobject=\count317
\everyMPtoPDFconversion=\toks35
) (/usr/share/texlive/texmf-dist/tex/latex/epstopdf-pkg/epstopdf-base.sty
Package: epstopdf-base 2020-01-24 v2.11 Base part for package epstopdf
Package epstopdf-base Info: Redefining graphics rule for `.eps' on input line 485.
 (/usr/share/texlive/texmf-dist/tex/latex/latexconfig/epstopdf-sys.cfg
File: epstopdf-sys.cfg 2010/07/13 v1.3 Configuration of (r)epstopdf for TeX Live
))
Package caption Info: Begin \AtBeginDocument code.
Package caption Info: listings package is loaded.
Package caption Info: End \AtBeginDocument code.
 (/usr/share/texlive/texmf-dist/tex/latex/pdflscape/pdflscape.sty
Package: pdflscape 2019/12/05 v0.12 Display of landscape pages in PDF (HO)
 (/usr/share/texlive/texmf-dist/tex/latex/graphics/lscape.sty
Package: lscape 2020/05/28 v3.02 Landscape Pages (DPC)
)
Package pdflscape Info: Auto-detected driver: pdftex on input line 81.
)
\c@lstlisting=\count318
LaTeX Font Info:    Trying to load font information for T1+phv on input line 28.
 (/usr/share/texlive/texmf-dist/tex/latex/psnfss/t1phv.fd
File: t1phv.fd 2020/03/25 scalable font definitions for T1/phv.
)
LaTeX Font Info:    Trying to load font information for U+msa on input line 28.
 (/usr/share/texlive/texmf-dist/tex/latex/amsfonts/umsa.fd
File: umsa.fd 2013/01/14 v3.01 AMS symbols A
)
LaTeX Font Info:    Trying to load font information for U+msb on input line 28.
 (/usr/share/texlive/texmf-dist/tex/latex/amsfonts/umsb.fd
File: umsb.fd 2013/01/14 v3.01 AMS symbols B
) [1

{/var/lib/texmf/fonts/map/pdftex/updmap/pdftex.map}]
<zadatak.pdf, id=8, 598.235pt x 845.1575pt>
File: zadatak.pdf Graphic file (type pdf)
<use zadatak.pdf>
Package pdftex.def Info: zadatak.pdf  used on input line 33.
(pdftex.def)             Requested size: 598.23354pt x 845.15544pt.
File: zadatak.pdf Graphic file (type pdf)
<use zadatak.pdf>
Package pdftex.def Info: zadatak.pdf  used on input line 33.
(pdftex.def)             Requested size: 598.23354pt x 845.15544pt.
<zadatak.pdf, id=11, page=1, 598.235pt x 845.1575pt>
File: zadatak.pdf Graphic file (type pdf)
<use zadatak.pdf, page 1>
Package pdftex.def Info: zadatak.pdf , page1 used on input line 33.
(pdftex.def)             Requested size: 598.23354pt x 845.15544pt.
File: zadatak.pdf Graphic file (type pdf)
<use zadatak.pdf, page 1>
Package pdftex.def Info: zadatak.pdf , page1 used on input line 33.
(pdftex.def)             Requested size: 597.7406pt x 844.45905pt.
File: zadatak.pdf Graphic file (type pdf)
<use zadatak.pdf, page 1>
Package pdftex.def Info: zadatak.pdf , page1 used on input line 33.
(pdftex.def)             Requested size: 597.7406pt x 844.45905pt.
File: zadatak.pdf Graphic file (type pdf)
<use zadatak.pdf, page 1>
Package pdftex.def Info: zadatak.pdf , page1 used on input line 33.
(pdftex.def)             Requested size: 597.7406pt x 844.45905pt.
File: zadatak.pdf Graphic file (type pdf)
<use zadatak.pdf, page 1>
Package pdftex.def Info: zadatak.pdf , page1 used on input line 33.
(pdftex.def)             Requested size: 597.7406pt x 844.45905pt.
 [1 <./zadatak.pdf>] [3] (./zavrsni.toc [4

])
\tf@toc=\write3
\openout3 = `zavrsni.toc'.

 [5]
Poglavlje 1.
[1

] [2]
Poglavlje 2.

Underfull \hbox (badness 10000) in paragraph at lines 69--94

 []


Underfull \hbox (badness 10000) in paragraph at lines 69--94

 []


Underfull \hbox (badness 10000) in paragraph at lines 69--94

 []


Underfull \hbox (badness 10000) in paragraph at lines 69--94

 []


Underfull \hbox (badness 10000) in paragraph at lines 69--94

 []

[3

]
Underfull \hbox (badness 10000) in paragraph at lines 106--109

 []

[4]
Underfull \hbox (badness 10000) in paragraph at lines 110--112

 []


Underfull \hbox (badness 10000) in paragraph at lines 112--114

 []


Overfull \hbox (35.49846pt too wide) in paragraph at lines 119--129
 [][] 
 []


Overfull \hbox (16.22801pt too wide) in paragraph at lines 137--142
 [][] 
 []

[5]
Underfull \hbox (badness 10000) in paragraph at lines 146--153

 []


Underfull \hbox (badness 10000) in paragraph at lines 155--157

 []


Underfull \hbox (badness 10000) in paragraph at lines 175--204

 []


Underfull \hbox (badness 10000) in paragraph at lines 175--204

 []


Underfull \hbox (badness 10000) in paragraph at lines 175--204

 []


Underfull \hbox (badness 10000) in paragraph at lines 175--204

 []


Underfull \hbox (badness 10000) in paragraph at lines 175--204

 []


Underfull \hbox (badness 10000) in paragraph at lines 175--204

 []

[6] [7]
<EEE2022.png, id=71, 1390.19376pt x 990.70125pt>
File: EEE2022.png Graphic file (type png)
<use EEE2022.png>
Package pdftex.def Info: EEE2022.png  used on input line 221.
(pdftex.def)             Requested size: 347.54759pt x 247.6747pt.
 [8]
<graf2021.png, id=79, 1370.11874pt x 982.67125pt>
File: graf2021.png Graphic file (type png)
<use graf2021.png>
Package pdftex.def Info: graf2021.png  used on input line 230.
(pdftex.def)             Requested size: 342.52884pt x 245.6672pt.
 [9 <./EEE2022.png> <./graf2021.png>]
<pozicije2021.png, id=83, 1398.22375pt x 1027.84pt>
File: pozicije2021.png Graphic file (type png)
<use pozicije2021.png>
Package pdftex.def Info: pozicije2021.png  used on input line 256.
(pdftex.def)             Requested size: 293.63565pt x 215.85277pt.
<pozicije2022.png, id=84, 1395.2125pt x 1010.77625pt>
File: pozicije2022.png Graphic file (type png)
<use pozicije2022.png>
Package pdftex.def Info: pozicije2022.png  used on input line 264.
(pdftex.def)             Requested size: 293.00327pt x 212.26927pt.
 [10

] [11 <./pozicije2021.png> <./pozicije2022.png>]
Poglavlje 3.

Underfull \hbox (badness 10000) in paragraph at lines 274--279

 []


Underfull \hbox (badness 10000) in paragraph at lines 288--292

 []


Underfull \hbox (badness 10000) in paragraph at lines 295--298

 []


Underfull \hbox (badness 10000) in paragraph at lines 299--302

 []

[12

]
Underfull \hbox (badness 10000) in paragraph at lines 305--308

 []

<slika1.png, id=94, 1313.90875pt x 676.5275pt>
File: slika1.png Graphic file (type png)
<use slika1.png>
Package pdftex.def Info: slika1.png  used on input line 313.
(pdftex.def)             Requested size: 525.5542pt x 270.6062pt.

Overfull \hbox (58.36375pt too wide) in paragraph at lines 312--314
[]|  [] 
 []

[13 <./slika1.png>] [14]
Poglavlje 4.

Underfull \hbox (badness 10000) in paragraph at lines 341--375

 []


Underfull \hbox (badness 10000) in paragraph at lines 341--375

 []


Underfull \hbox (badness 10000) in paragraph at lines 341--375

 []


Underfull \hbox (badness 10000) in paragraph at lines 341--375

 []


Underfull \hbox (badness 10000) in paragraph at lines 341--375

 []

[15

] [16]
<reactkomponente.png, id=108, 1390.19376pt x 721.69624pt>
File: reactkomponente.png Graphic file (type png)
<use reactkomponente.png>
Package pdftex.def Info: reactkomponente.png  used on input line 378.
(pdftex.def)             Requested size: 486.5751pt x 252.59747pt.

Overfull \hbox (39.3015pt too wide) in paragraph at lines 377--379
[]  [] 
 []

[17 <./reactkomponente.png>]
LaTeX Font Info:    Trying to load font information for T1+pcr on input line 405.
 (/usr/share/texlive/texmf-dist/tex/latex/psnfss/t1pcr.fd
File: t1pcr.fd 2001/06/04 font definitions for T1/pcr.
)
Underfull \hbox (badness 10000) in paragraph at lines 436--449

 []


Underfull \hbox (badness 10000) in paragraph at lines 436--449

 []


Underfull \hbox (badness 10000) in paragraph at lines 436--449

 []

[18] [19]
Underfull \hbox (badness 10000) in paragraph at lines 463--467

 []


Underfull \hbox (badness 10000) in paragraph at lines 463--467

 []

<dashboard.png, id=119, 2552.53625pt x 1242.6425pt>
File: dashboard.png Graphic file (type png)
<use dashboard.png>
Package pdftex.def Info: dashboard.png  used on input line 491.
(pdftex.def)             Requested size: 536.04845pt x 260.96263pt.

Overfull \hbox (68.858pt too wide) in paragraph at lines 490--492
[]|  [] 
 []

<predlozak.png, id=120, 2568.59625pt x 1178.4025pt>
File: predlozak.png Graphic file (type png)
<use predlozak.png>
Package pdftex.def Info: predlozak.png  used on input line 497.
(pdftex.def)             Requested size: 539.42114pt x 247.47183pt.

Overfull \hbox (72.2307pt too wide) in paragraph at lines 496--498
[]|  [] 
 []


Underfull \hbox (badness 10000) in paragraph at lines 468--501

 []


Underfull \hbox (badness 10000) in paragraph at lines 468--501

 []


Underfull \hbox (badness 10000) in paragraph at lines 468--501

 []

[20] [21 <./dashboard.png>]
<sekvencijski.png, id=128, 1869.98625pt x 1072.005pt>
File: sekvencijski.png Graphic file (type png)
<use sekvencijski.png>
Package pdftex.def Info: sekvencijski.png  used on input line 504.
(pdftex.def)             Requested size: 411.39825pt x 235.84183pt.
 [22 <./predlozak.png> <./sekvencijski.png>] [23

]
Underfull \hbox (badness 10000) in paragraph at lines 563--565

 []

LaTeX Font Info:    Font shape `T1/pcr/m/it' in size <12> not available
(Font)              Font shape `T1/pcr/m/sl' tried instead on input line 580.

Underfull \hbox (badness 10000) in paragraph at lines 587--595

 []


Underfull \hbox (badness 10000) in paragraph at lines 587--595

 []

[24]
Underfull \hbox (badness 10000) in paragraph at lines 612--615

 []

<expressdijagramkomponenti.png, id=139, 1452.42625pt x 709.65125pt>
File: expressdijagramkomponenti.png Graphic file (type png)
<use expressdijagramkomponenti.png>
Package pdftex.def Info: expressdijagramkomponenti.png  used on input line 634.
(pdftex.def)             Requested size: 522.87306pt x 255.47424pt.

Overfull \hbox (55.68262pt too wide) in paragraph at lines 633--635
[]|  [] 
 []


Underfull \hbox (badness 10000) in paragraph at lines 616--644

 []


Underfull \hbox (badness 10000) in paragraph at lines 616--644

 []


Underfull \hbox (badness 10000) in paragraph at lines 616--644

 []


Underfull \hbox (badness 10000) in paragraph at lines 616--644

 []


Underfull \hbox (badness 10000) in paragraph at lines 616--644

 []

[25] [26 <./expressdijagramkomponenti.png>]
Overfull \hbox (40.43192pt too wide) in paragraph at lines 680--690
 [][] 
 []

[27]
Underfull \hbox (badness 10000) in paragraph at lines 692--699

 []


Underfull \hbox (badness 10000) in paragraph at lines 700--704

 []


Underfull \hbox (badness 10000) in paragraph at lines 705--707

 []

[28]
<slika2.png, id=153, 1352.05125pt x 556.0775pt>
File: slika2.png Graphic file (type png)
<use slika2.png>
Package pdftex.def Info: slika2.png  used on input line 726.
(pdftex.def)             Requested size: 486.73808pt x 200.18774pt.

Overfull \hbox (48.0004pt too wide) in paragraph at lines 725--727
[]|  [] 
 []

<dockerfile.png, id=154, 1587.9325pt x 519.9425pt>
File: dockerfile.png Graphic file (type png)
<use dockerfile.png>
Package pdftex.def Info: dockerfile.png  used on input line 750.
(pdftex.def)             Requested size: 524.01935pt x 171.58156pt.

Overfull \hbox (56.8289pt too wide) in paragraph at lines 749--751
[]|  [] 
 []

<docker2.png, id=155, 443.6575pt x 691.58376pt>
File: docker2.png Graphic file (type png)
<use docker2.png>
Package pdftex.def Info: docker2.png  used on input line 756.
(pdftex.def)             Requested size: 133.09827pt x 207.47672pt.
[29 <./slika2.png>]
<tehnologije.png, id=159, 931.48pt x 796.9775pt>
File: tehnologije.png Graphic file (type png)
<use tehnologije.png>
Package pdftex.def Info: tehnologije.png  used on input line 765.
(pdftex.def)             Requested size: 279.44615pt x 239.0951pt.
 [30 <./dockerfile.png>] [31 <./docker2.png> <./tehnologije.png>]
Poglavlje 5.

Overfull \hbox (34.21385pt too wide) in paragraph at lines 776--784
 [][] 
 []


Overfull \hbox (53.01772pt too wide) in paragraph at lines 803--815
[][] 
 []

[32

] [33]
Overfull \hbox (34.21385pt too wide) in paragraph at lines 826--838
 [][] 
 []

[34]
Poglavlje 6.
<homePage.png, id=176, 2565.585pt x 907.39pt>
File: homePage.png Graphic file (type png)
<use homePage.png>
Package pdftex.def Info: homePage.png  used on input line 845.
(pdftex.def)             Requested size: 513.10793pt x 181.47478pt.

Overfull \hbox (45.91748pt too wide) in paragraph at lines 844--846
[]|  [] 
 []

[35

 <./homePage.png>]
<tablica.png, id=180, 2568.59625pt x 1315.91624pt>
File: tablica.png Graphic file (type png)
<use tablica.png>
Package pdftex.def Info: tablica.png  used on input line 856.
(pdftex.def)             Requested size: 513.71016pt x 263.17859pt.

Overfull \hbox (46.51971pt too wide) in paragraph at lines 855--857
[]|  [] 
 []

<select.png, id=181, 443.6575pt x 482.80376pt>
File: select.png Graphic file (type png)
<use select.png>
Package pdftex.def Info: select.png  used on input line 871.
(pdftex.def)             Requested size: 106.47997pt x 115.87526pt.
[36 <./tablica.png>]
<search.png, id=185, 2568.59625pt x 1027.84pt>
File: search.png Graphic file (type png)
<use search.png>
Package pdftex.def Info: search.png  used on input line 887.
(pdftex.def)             Requested size: 539.42114pt x 215.85277pt.

Overfull \hbox (72.2307pt too wide) in paragraph at lines 886--888
[]|  [] 
 []

<sort1.png, id=186, 2568.59625pt x 1318.9275pt>
File: sort1.png Graphic file (type png)
<use sort1.png>
Package pdftex.def Info: sort1.png  used on input line 901.
(pdftex.def)             Requested size: 539.42114pt x 276.98294pt.

Overfull \hbox (72.2307pt too wide) in paragraph at lines 900--902
[]|  [] 
 []

<stranica.png, id=187, 223.83624pt x 79.29625pt>
File: stranica.png Graphic file (type png)
<use stranica.png>
Package pdftex.def Info: stranica.png  used on input line 923.
(pdftex.def)             Requested size: 67.15138pt x 23.78905pt.
<brojstranica.png, id=188, 982.67125pt x 376.40625pt>
File: brojstranica.png Graphic file (type png)
<use brojstranica.png>
Package pdftex.def Info: brojstranica.png  used on input line 933.
(pdftex.def)             Requested size: 294.80365pt x 112.92273pt.
<navigiranje.png, id=189, 421.575pt x 205.76875pt>
File: navigiranje.png Graphic file (type png)
<use navigiranje.png>
Package pdftex.def Info: navigiranje.png  used on input line 940.
(pdftex.def)             Requested size: 168.627pt x 82.30603pt.
<loading.png, id=190, 2358.8125pt x 772.8875pt>
File: loading.png Graphic file (type png)
<use loading.png>
Package pdftex.def Info: loading.png  used on input line 953.
(pdftex.def)             Requested size: 495.36525pt x 162.31116pt.

Overfull \hbox (28.1748pt too wide) in paragraph at lines 952--954
[]|  [] 
 []


Overfull \hbox (2.33073pt too wide) in paragraph at lines 878--958
\T1/ptm/m/n/12 vrijednost za-jedno s tre-nut-nim bro-jem stra-nice pre-nose se kao pa-ra-me-tri pri-li-kom HTTP
 []

[37 <./select.png> <./search.png>] [38 <./sort1.png>] [39 <./stranica.png>]
<unipage.png, id=201, 2568.59625pt x 908.39375pt>
File: unipage.png Graphic file (type png)
<use unipage.png>
Package pdftex.def Info: unipage.png  used on input line 966.
(pdftex.def)             Requested size: 539.42114pt x 190.76831pt.

Overfull \hbox (72.2307pt too wide) in paragraph at lines 965--967
[]|  [] 
 []

<uni1.png, id=202, 2567.5925pt x 1279.78125pt>
File: uni1.png Graphic file (type png)
<use uni1.png>
Package pdftex.def Info: uni1.png  used on input line 980.
(pdftex.def)             Requested size: 436.48495pt x 217.55994pt.

Overfull \hbox (23.91998pt too wide) in paragraph at lines 980--981
 [][] 
 []


Overfull \hbox (2.05673pt too wide) in paragraph at lines 960--984
\T1/ptm/m/n/12 6.10[]. Stra-nica sa slike na-lazi se na pu-ta-nji $\T1/pcr/m/n/12 /rankingUni ? uni = Massachusetts \
 []


Overfull \hbox (5.73076pt too wide) in paragraph at lines 960--984
\T1/pcr/m/n/12 %20Institute \ %20of \ %20Technology \ %20(MIT ) \ & category = CSE$\T1/ptm/m/n/12 . Pa-
 []

[40 <./brojstranica.png> <./navigiranje.png> <./loading.png>]
<svi.png, id=207, 1131.22626pt x 717.68124pt>
File: svi.png Graphic file (type png)
<use svi.png>
Package pdftex.def Info: svi.png  used on input line 990.
(pdftex.def)             Requested size: 339.3705pt x 215.30603pt.
 [41 <./unipage.png>]
<uni3.png, id=211, 2567.5925pt x 1142.2675pt>
File: uni3.png Graphic file (type png)
<use uni3.png>
Package pdftex.def Info: uni3.png  used on input line 1005.
(pdftex.def)             Requested size: 539.21034pt x 239.88326pt.

Overfull \hbox (72.0199pt too wide) in paragraph at lines 1004--1006
[]|  [] 
 []

<uni4.png, id=212, 1324.95pt x 1071.00125pt>
File: uni4.png Graphic file (type png)
<use uni4.png>
Package pdftex.def Info: uni4.png  used on input line 1012.
(pdftex.def)             Requested size: 225.23853pt x 182.0678pt.

Underfull \hbox (badness 10000) in paragraph at lines 998--1016

 []

[42 <./uni1.png> <./svi.png>] [43 <./uni3.png> <./uni4.png>]
<upload.png, id=219, 2568.59625pt x 668.4975pt>
File: upload.png Graphic file (type png)
<use upload.png>
Package pdftex.def Info: upload.png  used on input line 1039.
(pdftex.def)             Requested size: 513.71016pt x 133.69713pt.

Overfull \hbox (46.51971pt too wide) in paragraph at lines 1038--1040
[]|  [] 
 []

<error.png, id=220, 1100.11pt x 185.69376pt>
File: error.png Graphic file (type png)
<use error.png>
Package pdftex.def Info: error.png  used on input line 1045.
(pdftex.def)             Requested size: 220.0181pt x 37.13809pt.
<real.png, id=221, 1576.89125pt x 266.9975pt>
File: real.png Graphic file (type png)
<use real.png>
Package pdftex.def Info: real.png  used on input line 1058.
(pdftex.def)             Requested size: 473.07103pt x 80.09985pt.

Overfull \hbox (28.64287pt too wide) in paragraph at lines 1057--1060
[]  [] 
 []

[44] [45 <./upload.png> <./error.png> <./real.png>]
Poglavlje 7.
[46

]
Poglavlje 8.
(./zavrsni.bbl [47

] [48

]) [49] [50] [51] (./zavrsni.aux) ) 
Here is how much of TeX's memory you used:
 10346 strings out of 478287
 164413 string characters out of 5849289
 478034 words of memory out of 5000000
 28328 multiletter control sequences out of 15000+600000
 536693 words of font info for 103 fonts, out of 8000000 for 9000
 1141 hyphenation exceptions out of 8191
 70i,17n,77p,669b,434s stack positions out of 5000i,500n,10000p,200000b,80000s
{/usr/share/texlive/texmf-dist/fonts/enc/dvips/base/8r.enc}</usr/share/texlive/texmf-dist/fonts/type1/public/amsfonts/cm/cmex10.pfb></usr/share/texlive/texmf-dist/fonts/type1/public/amsfonts/cm/cmmi12.pfb></usr/share/texlive/texmf-dist/fonts/type1/public/amsfonts/cm/cmmi6.pfb></usr/share/texlive/texmf-dist/fonts/type1/public/amsfonts/cm/cmmi8.pfb></usr/share/texlive/texmf-dist/fonts/type1/public/amsfonts/cm/cmr12.pfb></usr/share/texlive/texmf-dist/fonts/type1/public/amsfonts/cm/cmr6.pfb></usr/share/texlive/texmf-dist/fonts/type1/public/amsfonts/cm/cmr8.pfb></usr/share/texlive/texmf-dist/fonts/type1/public/amsfonts/cm/cmsy10.pfb></usr/share/texlive/texmf-dist/fonts/type1/public/amsfonts/cm/cmsy8.pfb></usr/share/texlive/texmf-dist/fonts/type1/urw/courier/ucrr8a.pfb></usr/share/texlive/texmf-dist/fonts/type1/urw/courier/ucrro8a.pfb></usr/share/texlive/texmf-dist/fonts/type1/urw/helvetic/uhvb8a.pfb></usr/share/texlive/texmf-dist/fonts/type1/urw/helvetic/uhvr8a.pfb></usr/share/texlive/texmf-dist/fonts/type1/urw/times/utmb8a.pfb></usr/share/texlive/texmf-dist/fonts/type1/urw/times/utmbi8a.pfb></usr/share/texlive/texmf-dist/fonts/type1/urw/times/utmr8a.pfb></usr/share/texlive/texmf-dist/fonts/type1/urw/times/utmri8a.pfb>
Output written on zavrsni.pdf (56 pages, 2818824 bytes).
PDF statistics:
 322 PDF objects out of 1000 (max. 8388607)
 189 compressed objects within 2 object streams
 0 named destinations out of 1000 (max. 500000)
 176 words of extra memory for PDF output out of 10000 (max. 10000000)

